0 info it worked if it ends with ok
1 verbose cli [ '/usr/bin/node', '/usr/bin/npm', 'publish' ]
2 info using npm@1.2.18
3 info using node@v0.10.5
4 verbose node symlink /usr/bin/node
5 verbose publish [ '.' ]
6 verbose read json /media/Ubuntu/experiments/mygithub/node-rules/package.json
7 verbose cache add [ '.', null ]
8 verbose cache add name=undefined spec="." args=[".",null]
9 verbose parsed url { protocol: null,
9 verbose parsed url   slashes: null,
9 verbose parsed url   auth: null,
9 verbose parsed url   host: null,
9 verbose parsed url   port: null,
9 verbose parsed url   hostname: null,
9 verbose parsed url   hash: null,
9 verbose parsed url   search: null,
9 verbose parsed url   query: null,
9 verbose parsed url   pathname: '.',
9 verbose parsed url   path: '.',
9 verbose parsed url   href: '.' }
10 silly lockFile 3a52ce78- .
11 verbose lock . /home/mithuns/.npm/3a52ce78-.lock
12 verbose read json package.json
13 silly lockFile 3a52ce78- .
14 silly lockFile 3a52ce78- .
15 error addLocal Could not install .
16 error Error: EACCES, mkdir '/home/mithuns/tmp/npm-4851'
16 error  { [Error: EACCES, mkdir '/home/mithuns/tmp/npm-4851'] errno: 3, code: 'EACCES', path: '/home/mithuns/tmp/npm-4851' }
17 error Please try running this command again as root/Administrator.
18 error System Linux 3.2.0-43-generic
19 error command "/usr/bin/node" "/usr/bin/npm" "publish"
20 error cwd /media/Ubuntu/experiments/mygithub/node-rules
21 error node -v v0.10.5
22 error npm -v 1.2.18
23 error path /home/mithuns/tmp/npm-4851
24 error code EACCES
25 error errno 3
26 error stack Error: EACCES, mkdir '/home/mithuns/tmp/npm-4851'
27 verbose exit [ 3, true ]
